<?xml version="1.0" encoding="UTF-8"?>
<testng-results skipped="0" failed="0" ignored="0" total="3" passed="3">
  <reporter-output>
  </reporter-output>
  <suite name="Suite" duration-ms="38277" started-at="2020-01-31T15:12:00 EST" finished-at="2020-01-31T15:12:38 EST">
    <groups>
    </groups>
    <test name="Test" duration-ms="38277" started-at="2020-01-31T15:12:00 EST" finished-at="2020-01-31T15:12:38 EST">
      <class name="tests.Testcase2">
        <test-method status="PASS" signature="precondition()[pri:0, instance:tests.Testcase2@23faf8f2]" name="precondition" is-config="true" duration-ms="6090" started-at="2020-01-31T15:12:00 EST" finished-at="2020-01-31T15:12:06 EST">
          <reporter-output>
          </reporter-output>
        </test-method> <!-- precondition -->
        <test-method status="PASS" signature="Logins()[pri:0, instance:tests.Testcase2@23faf8f2]" name="Logins" duration-ms="9331" started-at="2020-01-31T15:12:06 EST" finished-at="2020-01-31T15:12:15 EST">
          <reporter-output>
          </reporter-output>
        </test-method> <!-- Logins -->
        <test-method status="PASS" signature="postcondition(org.testng.ITestResult)[pri:0, instance:tests.Testcase2@23faf8f2]" name="postcondition" is-config="true" duration-ms="130" started-at="2020-01-31T15:12:15 EST" finished-at="2020-01-31T15:12:15 EST">
          <params>
            <param index="0">
              <value>
                <![CDATA[[TestResult name=Logins status=SUCCESS method=Testcase2.Logins()[pri:0, instance:tests.Testcase2@23faf8f2] output={null}]]]>
              </value>
            </param>
          </params>
          <reporter-output>
          </reporter-output>
        </test-method> <!-- postcondition -->
      </class> <!-- tests.Testcase2 -->
      <class name="tests.Testcase3">
        <test-method status="PASS" signature="precondition()[pri:0, instance:tests.Testcase3@2d6eabae]" name="precondition" is-config="true" duration-ms="5699" started-at="2020-01-31T15:12:15 EST" finished-at="2020-01-31T15:12:21 EST">
          <reporter-output>
          </reporter-output>
        </test-method> <!-- precondition -->
        <test-method status="PASS" signature="Login()[pri:0, instance:tests.Testcase3@2d6eabae]" name="Login" duration-ms="1904" started-at="2020-01-31T15:12:21 EST" finished-at="2020-01-31T15:12:23 EST">
          <reporter-output>
          </reporter-output>
        </test-method> <!-- Login -->
        <test-method status="PASS" signature="postcondition(org.testng.ITestResult)[pri:0, instance:tests.Testcase3@2d6eabae]" name="postcondition" is-config="true" duration-ms="506" started-at="2020-01-31T15:12:23 EST" finished-at="2020-01-31T15:12:24 EST">
          <params>
            <param index="0">
              <value>
                <![CDATA[[TestResult name=Login status=SUCCESS method=Testcase3.Login()[pri:0, instance:tests.Testcase3@2d6eabae] output={null}]]]>
              </value>
            </param>
          </params>
          <reporter-output>
          </reporter-output>
        </test-method> <!-- postcondition -->
      </class> <!-- tests.Testcase3 -->
      <class name="tests.TestCase4MainClass">
        <test-method status="PASS" signature="precondition()[pri:0, instance:tests.TestCase4MainClass@4e7dc304]" name="precondition" is-config="true" duration-ms="4916" started-at="2020-01-31T15:12:24 EST" finished-at="2020-01-31T15:12:28 EST">
          <reporter-output>
          </reporter-output>
        </test-method> <!-- precondition -->
        <test-method status="PASS" signature="Login()[pri:0, instance:tests.TestCase4MainClass@4e7dc304]" name="Login" duration-ms="9486" started-at="2020-01-31T15:12:28 EST" finished-at="2020-01-31T15:12:38 EST">
          <reporter-output>
          </reporter-output>
        </test-method> <!-- Login -->
        <test-method status="PASS" signature="postcondition(org.testng.ITestResult)[pri:0, instance:tests.TestCase4MainClass@4e7dc304]" name="postcondition" is-config="true" duration-ms="152" started-at="2020-01-31T15:12:38 EST" finished-at="2020-01-31T15:12:38 EST">
          <params>
            <param index="0">
              <value>
                <![CDATA[[TestResult name=Login status=SUCCESS method=TestCase4MainClass.Login()[pri:0, instance:tests.TestCase4MainClass@4e7dc304] output={null}]]]>
              </value>
            </param>
          </params>
          <reporter-output>
          </reporter-output>
        </test-method> <!-- postcondition -->
      </class> <!-- tests.TestCase4MainClass -->
    </test> <!-- Test -->
  </suite> <!-- Suite -->
</testng-results>
